{"contracts\\lottery.sol":{"l":{"87":3,"88":3,"89":3,"90":3,"91":3,"92":3,"93":3,"94":3,"110":13,"111":1,"113":12,"114":1,"116":11,"119":11,"140":10,"143":10,"146":10,"147":10,"152":10,"167":6,"168":6,"169":1,"177":5,"178":5,"185":5,"202":1,"203":1,"204":1,"205":1,"208":1,"210":1,"211":0,"214":1,"217":1,"218":1,"223":14,"227":1,"231":1,"235":4,"239":0,"243":1,"247":2,"251":0,"255":14},"path":"C:\\Users\\Asus\\Jatin's Secure Folder\\No\\New Skills\\Coding Resources\\VSCODE Workspaces\\hardhat-smartcontract-lottery\\hardhat-smartcontract-lottery\\contracts\\lottery.sol","s":{"1":13,"2":12,"3":11,"4":11,"5":10,"6":10,"7":10,"8":10,"9":6,"10":6,"11":5,"12":5,"13":1,"14":1,"15":1,"16":1,"17":1,"18":14,"19":1,"20":1,"21":4,"22":0,"23":1,"24":2,"25":0,"26":14},"b":{"1":[1,12],"2":[1,11],"3":[1,5],"4":[0,1]},"f":{"1":3,"2":13,"3":10,"4":6,"5":1,"6":14,"7":1,"8":1,"9":4,"10":0,"11":1,"12":2,"13":0,"14":14},"fnMap":{"1":{"name":"constructor","line":86,"loc":{"start":{"line":79,"column":2},"end":{"line":95,"column":2}}},"2":{"name":"enterLottery","line":107,"loc":{"start":{"line":107,"column":2},"end":{"line":120,"column":2}}},"3":{"name":"checkUpkeep","line":135,"loc":{"start":{"line":135,"column":2},"end":{"line":153,"column":2}}},"4":{"name":"performUpkeep","line":165,"loc":{"start":{"line":165,"column":2},"end":{"line":186,"column":2}}},"5":{"name":"fulfillRandomWords","line":198,"loc":{"start":{"line":198,"column":2},"end":{"line":219,"column":2}}},"6":{"name":"getEntranceFee","line":222,"loc":{"start":{"line":222,"column":2},"end":{"line":224,"column":2}}},"7":{"name":"getPlayers","line":226,"loc":{"start":{"line":226,"column":2},"end":{"line":228,"column":2}}},"8":{"name":"getRecentWinner","line":230,"loc":{"start":{"line":230,"column":2},"end":{"line":232,"column":2}}},"9":{"name":"getLotteryState","line":234,"loc":{"start":{"line":234,"column":2},"end":{"line":236,"column":2}}},"10":{"name":"getNumWords","line":238,"loc":{"start":{"line":238,"column":2},"end":{"line":240,"column":2}}},"11":{"name":"getNumberOfPlayers","line":242,"loc":{"start":{"line":242,"column":2},"end":{"line":244,"column":2}}},"12":{"name":"getLatestTimeStamp","line":246,"loc":{"start":{"line":246,"column":2},"end":{"line":248,"column":2}}},"13":{"name":"getRequestConfirmations","line":250,"loc":{"start":{"line":250,"column":2},"end":{"line":252,"column":2}}},"14":{"name":"getInterval","line":254,"loc":{"start":{"line":254,"column":2},"end":{"line":256,"column":2}}}},"statementMap":{"1":{"start":{"line":110,"column":4},"end":{"line":110,"column":5140}},"2":{"start":{"line":113,"column":4},"end":{"line":113,"column":5231}},"3":{"start":{"line":116,"column":4},"end":{"line":116,"column":38}},"4":{"start":{"line":119,"column":4},"end":{"line":119,"column":33}},"5":{"start":{"line":140,"column":4},"end":{"line":140,"column":55}},"6":{"start":{"line":143,"column":4},"end":{"line":143,"column":72}},"7":{"start":{"line":146,"column":4},"end":{"line":146,"column":44}},"8":{"start":{"line":147,"column":4},"end":{"line":147,"column":49}},"9":{"start":{"line":167,"column":4},"end":{"line":167,"column":43}},"10":{"start":{"line":168,"column":4},"end":{"line":168,"column":8221}},"11":{"start":{"line":178,"column":4},"end":{"line":178,"column":8583}},"12":{"start":{"line":185,"column":4},"end":{"line":185,"column":42}},"13":{"start":{"line":202,"column":4},"end":{"line":202,"column":61}},"14":{"start":{"line":203,"column":4},"end":{"line":203,"column":59}},"15":{"start":{"line":208,"column":4},"end":{"line":208,"column":76}},"16":{"start":{"line":210,"column":4},"end":{"line":210,"column":11042}},"17":{"start":{"line":214,"column":4},"end":{"line":214,"column":35}},"18":{"start":{"line":223,"column":4},"end":{"line":223,"column":24}},"19":{"start":{"line":227,"column":4},"end":{"line":227,"column":27}},"20":{"start":{"line":231,"column":4},"end":{"line":231,"column":25}},"21":{"start":{"line":235,"column":4},"end":{"line":235,"column":25}},"22":{"start":{"line":239,"column":4},"end":{"line":239,"column":20}},"23":{"start":{"line":243,"column":4},"end":{"line":243,"column":27}},"24":{"start":{"line":247,"column":4},"end":{"line":247,"column":26}},"25":{"start":{"line":251,"column":4},"end":{"line":251,"column":32}},"26":{"start":{"line":255,"column":4},"end":{"line":255,"column":21}}},"branchMap":{"1":{"line":110,"type":"if","locations":[{"start":{"line":110,"column":4},"end":{"line":110,"column":4}},{"start":{"line":110,"column":4},"end":{"line":110,"column":4}}]},"2":{"line":113,"type":"if","locations":[{"start":{"line":113,"column":4},"end":{"line":113,"column":4}},{"start":{"line":113,"column":4},"end":{"line":113,"column":4}}]},"3":{"line":168,"type":"if","locations":[{"start":{"line":168,"column":4},"end":{"line":168,"column":4}},{"start":{"line":168,"column":4},"end":{"line":168,"column":4}}]},"4":{"line":210,"type":"if","locations":[{"start":{"line":210,"column":4},"end":{"line":210,"column":4}},{"start":{"line":210,"column":4},"end":{"line":210,"column":4}}]}}},"contracts\\test\\VRFCoordinatorV2Mock.sol":{"l":{},"path":"C:\\Users\\Asus\\Jatin's Secure Folder\\No\\New Skills\\Coding Resources\\VSCODE Workspaces\\hardhat-smartcontract-lottery\\hardhat-smartcontract-lottery\\contracts\\test\\VRFCoordinatorV2Mock.sol","s":{},"b":{},"f":{},"fnMap":{},"statementMap":{},"branchMap":{}}}